2026-04-04 17:59:26 | lead-finder | OK | 147s
2026-04-04 18:01:58 | dm-blast | OK | 294s
2026-04-04 18:06:57 | story-poster | OK | 2s
2026-04-04 18:08:04 | token-monitor | OK | 0s
2026-04-04 18:16:01 | influencer-monitor | OK | 45s
2026-04-04 19:08:10 | token-monitor | OK | 1s
2026-04-04 20:08:59 | token-monitor | OK | 0s
2026-04-04 21:09:14 | token-monitor | OK | 0s
2026-04-04 22:09:27 | token-monitor | OK | 1s
2026-04-04 23:09:45 | token-monitor | OK | 0s
2026-04-05 00:16:00 | influencer-monitor | OK | 21s
2026-04-05 00:54:32 | story-check | OK | 0s
2026-04-05 06:17:19 | influencer-monitor | OK | 20s
2026-04-05 11:02:24 | daily-briefing | OK | 5s
2026-04-05 12:18:44 | influencer-monitor | OK | 31s
2026-04-05 18:02:02 | lead-finder | OK | 160s
2026-04-05 18:07:14 | dm-blast | OK | 281s
2026-04-05 18:19:23 | influencer-monitor | OK | 15s
2026-04-05 22:00:10 | token-monitor | OK | 1s
2026-04-06 00:20:35 | influencer-monitor | OK | 13s
2026-04-06 06:20:59 | influencer-monitor | OK | 11s
2026-04-06 08:00:31 | token-monitor | OK | 1s
2026-04-06 11:03:01 | daily-briefing | OK | 4s
2026-04-06 12:21:23 | influencer-monitor | OK | 21s
2026-04-06 16:27:21 | story-check | OK | 1s
2026-04-06 16:27:32 | token-monitor-test | OK | 0s
