===== RUN START: 2026-04-04 18:01:58 =====
Command: python3 /Users/rmello/holy-chip/tools/dm-blast.py

=== Holy Chip Outreach — Day 3 ===
Story: HC004 - AGI for CEOs
Limits: 20 sent / 20 denied / 60 max attempts
Already contacted: 285
Candidates remaining: 144

--- PHASE 1: Direct DMs ---
✅ @marktenenholtz (Mark Tenenholtz) — DM sent [1/20]
✅ @mrdbourke (Daniel Bourke) — DM sent [2/20]
❌ @aakashg0 (Aakash Gupta) — error
✅ @shl (Sahil Lavingia) — DM sent [3/20]
✅ @jackclarkSF (Jack Clark) — DM sent [4/20]
❌ @Lior__ (Lior Sinclair) — error
✅ @heyeaslo (Easlo) — DM sent [5/20]
❌ @azeem (Azeem Azhar) — DMs closed [1/20]
❌ @andrewchen (Andrew Chen) — DMs closed [2/20]
✅ @petergyang (Peter Yang) — DM sent [6/20]
❌ @fortelabs (Tiago Forte) — DMs closed [3/20]
❌ @JeremiahOwyang (Jeremiah Owyang) — DMs closed [4/20]
❌ @seb_ruder (Sebastian Ruder) — DMs closed [5/20]
❌ @aiweirdness (Janelle Shane) — DMs closed [6/20]
❌ @internetofshit (Internet of Shit) — DMs closed [7/20]
❌ @Foone (Foone Turing) — DMs closed [8/20]
❌ @tinysubversions (Darius Kazemi) — error
❌ @Pinboard (Maciej Ceglowski) — DMs closed [9/20]
❌ @DepthsOfWikipedia (Annie Rauwerda) — error
❌ @SwiftOnSecurity (SwiftOnSecurity) — DMs closed [10/20]
❌ @KeatonPatti (Keaton Patti) — DMs closed [11/20]
❌ @CommitStrip (CommitStrip) — DMs closed [12/20]
❌ @iamdevloper (I Am Devloper) — DMs closed [13/20]
❌ @samim (Samim Winiger) — DMs closed [14/20]
❌ @waneella (Waneella) — DMs closed [15/20]
❌ @saint11 (Pedro Medeiros) — DMs closed [16/20]
❌ @johanvinet (Johan Vinet) — DMs closed [17/20]
❌ @Pixel_Dailies (Pixel Dailies) — DMs closed [18/20]
❌ @Lospec (Lospec) — DMs closed [19/20]
❌ @aseprite (Aseprite) — DMs closed [20/20]

--- PHASE 2: Secondary contact (20 denied) ---
⏭️ @azeem — no recent tweet to quote, skipped
⏭️ @andrewchen — no recent tweet to quote, skipped
⏭️ @fortelabs — no recent tweet to quote, skipped
⏭️ @JeremiahOwyang — no recent tweet to quote, skipped
⏭️ @seb_ruder — no recent tweet to quote, skipped
⏭️ @aiweirdness — no recent tweet to quote, skipped
⏭️ @internetofshit — no recent tweet to quote, skipped
⏭️ @Foone — no recent tweet to quote, skipped
⏭️ @Pinboard — no recent tweet to quote, skipped
⏭️ @SwiftOnSecurity — no recent tweet to quote, skipped
⏭️ @KeatonPatti — no recent tweet to quote, skipped
⏭️ @CommitStrip — no recent tweet to quote, skipped
⏭️ @iamdevloper — no recent tweet to quote, skipped
⏭️ @samim — no recent tweet to quote, skipped
⏭️ @waneella — no recent tweet to quote, skipped
⏭️ @saint11 — no recent tweet to quote, skipped
⏭️ @johanvinet — no recent tweet to quote, skipped
⏭️ @Pixel_Dailies — no recent tweet to quote, skipped
⏭️ @Lospec — no recent tweet to quote, skipped
⏭️ @aseprite — no recent tweet to quote, skipped

========================================
SUMMARY — Day 3
  DMs sent: 6
  DMs denied: 20
  Quote tweets: 0
  Total contacted all-time: 291
  Remaining candidates: 138

--- Report ---
✅ DM @marktenenholtz (Mark Tenenholtz)
✅ DM @mrdbourke (Daniel Bourke)
✅ DM @shl (Sahil Lavingia)
✅ DM @jackclarkSF (Jack Clark)
✅ DM @heyeaslo (Easlo)
✅ DM @petergyang (Peter Yang)

===== RUN END: 2026-04-04 18:06:52 | exit=0 | 294s =====

